2025-05-15 15:54:22,218 - semgrep.notifications - WARNING - METRICS: Using configs from the Registry (like --config=p/ci) reports pseudonymous rule metrics to semgrep.dev.
To disable Registry rule metrics, use "--metrics=off".
Using configs only from local files (like --config=xyz.yml) does not enable metrics.

More information: https://semgrep.dev/docs/metrics

2025-05-15 15:54:22,220 - semgrep.run_scan - DEBUG - semgrep version 1.2.0
2025-05-15 15:54:22,225 - semgrep.git - DEBUG - Failed to get project url from 'git ls-remote': Command failed with exit code: 128
-----
Command failed with output:
fatal: No remote configured to list refs from.


Failed to run 'git ls-remote --get-url'. Possible reasons:

- the git binary is not available
- the current working directory is not a git repository
- the baseline commit is not a parent of the current commit
    (if you are running through semgrep-app, check if you are setting `SEMGREP_BRANCH` or `SEMGREP_BASELINE_COMMIT` properly)
- the current working directory is not marked as safe
    (fix with `git config --global --add safe.directory $(pwd)`)

Try running the command yourself to debug the issue.
2025-05-15 15:54:22,225 - semgrep.config_resolver - DEBUG - Loading local config from /home/runner/workspace/.config/.semgrep/semgrep_rules.json
2025-05-15 15:54:22,227 - semgrep.config_resolver - DEBUG - Done loading local config from /home/runner/workspace/.config/.semgrep/semgrep_rules.json
2025-05-15 15:54:22,230 - semgrep.config_resolver - DEBUG - Saving rules to /tmp/semgrep-rr52208s.rules
2025-05-15 15:54:22,393 - semgrep.semgrep_core - DEBUG - Failed to open resource semgrep-core-proprietary: [Errno 2] No such file or directory: '/tmp/_MEIYVLjg0/semgrep/bin/semgrep-core-proprietary'.
2025-05-15 15:54:22,854 - semgrep.rule_lang - DEBUG - semgrep-core validation response: valid=True
2025-05-15 15:54:22,854 - semgrep.rule_lang - DEBUG - semgrep-core validation succeeded
2025-05-15 15:54:22,854 - semgrep.rule_lang - DEBUG - RPC validation succeeded
2025-05-15 15:54:22,855 - semgrep.config_resolver - DEBUG - loaded 1 configs in 0.629709005355835
2025-05-15 15:54:22,924 - semgrep.run_scan - VERBOSE - running 711 rules from 1 config /home/runner/workspace/.config/.semgrep/semgrep_rules.json_0
2025-05-15 15:54:22,924 - semgrep.run_scan - VERBOSE - No .semgrepignore found. Using default .semgrepignore rules. See the docs for the list of default ignores: https://semgrep.dev/docs/cli-usage/#ignore-files
2025-05-15 15:54:22,925 - semgrep.run_scan - VERBOSE - Rules:
2025-05-15 15:54:22,925 - semgrep.run_scan - VERBOSE - <SKIPPED DATA (too many entries; use --max-log-list-entries)>
2025-05-15 15:54:23,293 - semgrep.core_runner - DEBUG - Passing whole rules directly to semgrep_core
2025-05-15 15:54:23,438 - semgrep.core_runner - DEBUG - Running Semgrep engine with command:
2025-05-15 15:54:23,438 - semgrep.core_runner - DEBUG - /tmp/_MEIYVLjg0/semgrep/bin/opengrep-core -json -rules /tmp/tmp45n7afpc.json -j 8 -targets /tmp/tmp5ne69ekb -timeout 5 -timeout_threshold 3 -max_memory 0 -fast
2025-05-15 15:54:25,810 - semgrep.core_runner - DEBUG - --- semgrep-core stderr ---
[00.07][[34mINFO[0m]: Executed as: /tmp/_MEIYVLjg0/semgrep/bin/opengrep-core -json -rules /tmp/tmp45n7afpc.json -j 8 -targets /tmp/tmp5ne69ekb -timeout 5 -timeout_threshold 3 -max_memory 0 -fast
[00.07][[34mINFO[0m]: Version: 1.2.0
[00.07][[34mINFO[0m]: Parsing rules in /tmp/tmp45n7afpc.json
[00.48][[34mINFO[0m]: scan: processing 271 files (skipping 0), with 454 rules (skipping 0 )
[02.33][[34mINFO[0m]: Custom ignore pattern: None
[02.33][[34mINFO[0m]: Custom ignore pattern: None
--- end semgrep-core stderr ---
2025-05-15 15:54:25,816 - semgrep.core_runner - DEBUG - semgrep ran in 0:00:02.522883 on 95 files
2025-05-15 15:54:25,817 - semgrep.core_runner - DEBUG - findings summary: 0 warning, 0 error, 0 info
2025-05-15 15:54:25,819 - semgrep.app.auth - DEBUG - Getting API token from settings file
2025-05-15 15:54:25,819 - semgrep.app.auth - DEBUG - No API token found in settings file
2025-05-15 15:54:25,820 - semgrep.semgrep_core - DEBUG - Failed to open resource semgrep-core-proprietary: [Errno 2] No such file or directory: '/tmp/_MEIYVLjg0/semgrep/bin/semgrep-core-proprietary'.
2025-05-15 15:54:25,930 - semgrep.output - VERBOSE - 
========================================
Files skipped:
========================================

  Always skipped by Opengrep:

   • <none>

  Skipped by .gitignore:
  (Disable by passing --no-git-ignore)

   • <all files not listed by `git ls-files` were skipped>

  Skipped by .semgrepignore:
  - https://semgrep.dev/docs/ignoring-files-folders-code/#understand-semgrep-defaults

   • <none>

  Skipped by --include patterns:

   • <none>

  Skipped by --exclude patterns:

   • <none>

  Files skipped due to insufficient read permissions:

   • <none>

  Skipped by limiting to files smaller than 1000000 bytes:
  (Adjust with the --max-target-bytes flag)

   • generated-icon.png

  Partially analyzed due to parsing or internal Opengrep errors

   • tailwind.config.ts (1 lines skipped)

2025-05-15 15:54:25,931 - semgrep.output - INFO - Some files were skipped or only partially analyzed.
  Scan was limited to files tracked by git.
  Partially scanned: 1 files only partially analyzed due to parsing or internal Opengrep errors
  Scan skipped: 1 files larger than 1.0 MB
  For a full list of skipped files, run opengrep with the --verbose flag.

Ran 435 rules on 95 files: 0 findings.
2025-05-15 15:54:25,931 - semgrep.app.version - DEBUG - Version cache does not exist
2025-05-15 15:54:25,931 - semgrep.app.version - DEBUG - Version cache does not exist
2025-05-15 15:54:25,944 - semgrep.metrics - VERBOSE - Not sending pseudonymous metrics since metrics are configured to OFF and registry usage is False
